<?xml version="1.0" encoding="UTF-8"?>
<!-- Generated by org.testng.reporters.JUnitReportReporter -->
<testsuite hostname="DESKTOP-4QE61OJ" failures="0" tests="3" name="signIn_testing.InValidSignIn" time="1.921" errors="0" timestamp="2021-05-09T17:57:49 ICT" skipped="0">
  <testcase classname="signIn_testing.InValidSignIn" name="invalidSigninPassword" time="1.341"/>
  <system-out/>
  <testcase classname="signIn_testing.InValidSignIn" name="invalidSigninEmail" time="0.285"/>
  <system-out/>
  <testcase classname="signIn_testing.InValidSignIn" name="invalidSigninUsername" time="0.295"/>
  <system-out/>
</testsuite> <!-- signIn_testing.InValidSignIn -->
