<?xml version="1.0" encoding="UTF-8"?>
<!-- Generated by org.testng.reporters.JUnitReportReporter -->
<testsuite hostname="DESKTOP-4QE61OJ" failures="0" tests="3" name="cart_testing.CheckCart" time="3.020" errors="0" timestamp="2021-05-08T16:11:32 ICT" skipped="0">
  <testcase classname="cart_testing.CheckCart" name="addProduct" time="1.399"/>
  <system-out/>
  <testcase classname="cart_testing.CheckCart" name="totalPrice" time="1.451"/>
  <system-out/>
  <testcase classname="cart_testing.CheckCart" name="deleteProduct" time="0.170"/>
  <system-out/>
</testsuite> <!-- cart_testing.CheckCart -->
