<?xml version="1.0" encoding="UTF-8"?>
<!-- Generated by org.testng.reporters.JUnitReportReporter -->
<testsuite hostname="DESKTOP-4QE61OJ" failures="0" tests="1" name="data_testing.BookTesting" time="3.839" errors="0" timestamp="2021-05-11T21:10:26 ICT" skipped="0">
  <testcase classname="data_testing.BookTesting" name="addBook" time="3.839"/>
  <system-out/>
</testsuite> <!-- data_testing.BookTesting -->
