<?xml version="1.0" encoding="UTF-8"?>
<!-- Generated by org.testng.reporters.JUnitReportReporter -->
<testsuite hostname="DESKTOP-4QE61OJ" failures="0" tests="3" name="cart_testing.CheckCart" time="3.644" errors="0" timestamp="2021-05-09T10:40:24 ICT" skipped="0">
  <testcase classname="cart_testing.CheckCart" name="addProduct" time="1.891"/>
  <system-out/>
  <testcase classname="cart_testing.CheckCart" name="totalPrice" time="1.579"/>
  <system-out/>
  <testcase classname="cart_testing.CheckCart" name="deleteProduct" time="0.174"/>
  <system-out/>
</testsuite> <!-- cart_testing.CheckCart -->
