<?xml version="1.0" encoding="UTF-8"?>
<!-- Generated by org.testng.reporters.JUnitReportReporter -->
<testsuite hostname="DESKTOP-4QE61OJ" failures="0" tests="1" name="data_testing.DataDriven" time="0.722" errors="0" timestamp="2021-05-09T10:43:07 ICT" skipped="0">
  <testcase classname="data_testing.DataDriven" name="getData" time="0.722"/>
  <system-out/>
</testsuite> <!-- data_testing.DataDriven -->
