<?xml version="1.0" encoding="UTF-8"?>
<!-- Generated by org.testng.reporters.JUnitReportReporter -->
<testsuite hostname="DESKTOP-4QE61OJ" failures="0" tests="1" name="signIn_testing.TestCase01" time="15.070" errors="0" timestamp="2021-04-19T18:25:34 ICT" skipped="0">
  <testcase classname="signIn_testing.TestCase01" name="signInWithFaceBook" time="15.070"/>
  <system-out/>
</testsuite> <!-- signIn_testing.TestCase01 -->
