<?xml version="1.0" encoding="UTF-8"?>
<!-- Generated by org.testng.reporters.JUnitReportReporter -->
<testsuite hostname="DESKTOP-4QE61OJ" failures="0" tests="1" name="signIn_testing.InValidSignIn" time="1.101" errors="0" timestamp="2021-05-09T15:52:52 ICT" skipped="0">
  <testcase classname="signIn_testing.InValidSignIn" name="invalidSignIn" time="1.101"/>
  <system-out/>
</testsuite> <!-- signIn_testing.InValidSignIn -->
