<?xml version="1.0" encoding="UTF-8"?>
<!-- Generated by org.testng.reporters.JUnitReportReporter -->
<testsuite hostname="DESKTOP-4QE61OJ" failures="0" tests="1" name="login_testing.checkLogin" time="46.780" errors="0" timestamp="2021-05-08T10:49:30 ICT" skipped="0">
  <testcase classname="login_testing.checkLogin" name="login" time="46.780"/>
  <system-out/>
</testsuite> <!-- login_testing.checkLogin -->
