<?xml version="1.0" encoding="UTF-8"?>
<!-- Generated by org.testng.reporters.JUnitReportReporter -->
<testsuite hostname="DESKTOP-4QE61OJ" failures="0" tests="1" name="signIn_testing.ValidSignIn" time="2.036" errors="0" timestamp="2021-05-09T10:34:55 ICT" skipped="0">
  <testcase classname="signIn_testing.ValidSignIn" name="validSignin" time="2.036"/>
  <system-out/>
</testsuite> <!-- signIn_testing.ValidSignIn -->
