<?xml version="1.0" encoding="UTF-8"?>
<!-- Generated by org.testng.reporters.JUnitReportReporter -->
<testsuite hostname="DESKTOP-4QE61OJ" failures="0" tests="4" name="data_testing.Admin" time="13.637" errors="0" timestamp="2021-05-09T11:04:22 ICT" skipped="0">
  <testcase classname="data_testing.Admin" name="lockAccount" time="5.768"/>
  <system-out/>
  <testcase classname="data_testing.Admin" name="loginWithLockedAccount" time="0.491"/>
  <system-out/>
  <testcase classname="data_testing.Admin" name="unLockAccount" time="6.843"/>
  <system-out/>
  <testcase classname="data_testing.Admin" name="loginWithUnlockAccount" time="0.535"/>
  <system-out/>
</testsuite> <!-- data_testing.Admin -->
