<?xml version="1.0" encoding="UTF-8"?>
<!-- Generated by org.testng.reporters.JUnitReportReporter -->
<testsuite hostname="DESKTOP-4QE61OJ" failures="0" tests="1" name="signIn_testing.TestCase03" time="16.260" errors="0" timestamp="2021-04-19T18:26:29 ICT" skipped="0">
  <testcase classname="signIn_testing.TestCase03" name="signInWithFacebookWithWrongNumber" time="16.260"/>
  <system-out/>
</testsuite> <!-- signIn_testing.TestCase03 -->
