<?xml version="1.0" encoding="UTF-8"?>
<!-- Generated by org.testng.reporters.JUnitReportReporter -->
<testsuite hostname="DESKTOP-4QE61OJ" failures="0" tests="1" name="signIn_testing.TestCase05" time="8.452" errors="0" timestamp="2021-04-19T18:27:17 ICT" skipped="0">
  <testcase classname="signIn_testing.TestCase05" name="signInWithFacebookWithBlankFields" time="8.452"/>
  <system-out/>
</testsuite> <!-- signIn_testing.TestCase05 -->
