<?xml version="1.0" encoding="UTF-8"?>
<!-- Generated by org.testng.reporters.JUnitReportReporter -->
<testsuite hostname="DESKTOP-4QE61OJ" failures="0" tests="18" name="data_testing.DataDriven" time="35.419" errors="0" timestamp="2021-05-09T16:38:56 ICT" skipped="0">
  <testcase classname="data_testing.DataDriven" name="getAccountData" time="0.706"/>
  <system-out/>
  <testcase classname="data_testing.DataDriven" name="getBookData" time="0.039"/>
  <system-out/>
  <testcase classname="data_testing.DataDriven" name="searchBook" time="2.558"/>
  <system-out/>
  <testcase classname="data_testing.DataDriven" name="searchBook" time="2.283"/>
  <system-out/>
  <testcase classname="data_testing.DataDriven" name="searchBook" time="2.288"/>
  <system-out/>
  <testcase classname="data_testing.DataDriven" name="searchBook" time="2.348"/>
  <system-out/>
  <testcase classname="data_testing.DataDriven" name="searchBook" time="2.259"/>
  <system-out/>
  <testcase classname="data_testing.DataDriven" name="searchBook" time="0.005"/>
  <system-out/>
  <testcase classname="data_testing.DataDriven" name="searchBook" time="2.304"/>
  <system-out/>
  <testcase classname="data_testing.DataDriven" name="searchBook" time="2.295"/>
  <system-out/>
  <testcase classname="data_testing.DataDriven" name="searchBook" time="2.314"/>
  <system-out/>
  <testcase classname="data_testing.DataDriven" name="searchBook" time="2.257"/>
  <system-out/>
  <testcase classname="data_testing.DataDriven" name="searchBook" time="2.357"/>
  <system-out/>
  <testcase classname="data_testing.DataDriven" name="searchBook" time="2.282"/>
  <system-out/>
  <testcase classname="data_testing.DataDriven" name="searchBook" time="2.310"/>
  <system-out/>
  <testcase classname="data_testing.DataDriven" name="searchBook" time="2.273"/>
  <system-out/>
  <testcase classname="data_testing.DataDriven" name="searchBook" time="2.255"/>
  <system-out/>
  <testcase classname="data_testing.DataDriven" name="searchBook" time="2.286"/>
  <system-out/>
</testsuite> <!-- data_testing.DataDriven -->
