<?xml version="1.0" encoding="UTF-8"?>
<!-- Generated by org.testng.reporters.JUnitReportReporter -->
<testsuite hostname="DESKTOP-4QE61OJ" failures="0" tests="1" name="signIn_testing.TestCase04" time="9.379" errors="0" timestamp="2021-04-19T18:26:52 ICT" skipped="0">
  <testcase classname="signIn_testing.TestCase04" name="signInWithFacebookWithWrongPassword" time="9.379"/>
  <system-out/>
</testsuite> <!-- signIn_testing.TestCase04 -->
